0 silly argv {
0 silly argv   _: [ 'exec' ],
0 silly argv   scope: [ 'noodl-types', 'noodl-common' ],
0 silly argv   args: [],
0 silly argv   lernaVersion: '4.0.0',
0 silly argv   '$0': '/Users/christ/noodl-cli/node_modules/.bin/lerna',
0 silly argv   cmd: 'npm run build'
0 silly argv }
1 notice cli v4.0.0
2 verbose rootPath /Users/christ/noodl-cli
3 info versioning independent
4 error JSONError: Unexpected token "}" (0x7D) in JSON at position 1007 while parsing near "...7187ffff96b9ce6ee\",\n}\n" in packages/noodl-common/package.json
4 error
4 error [0m [90m 37 |[39m 	}[33m,[39m[0m
4 error [0m [90m 38 |[39m 	[32m"gitHead"[39m[33m:[39m [32m"c6d5712c14cedf5faf330797187ffff96b9ce6ee"[39m[33m,[39m[0m
4 error [0m[31m[1m>[22m[39m[90m 39 |[39m }[0m
4 error [0m [90m    |[39m [31m[1m^[22m[39m[0m
4 error [0m [90m 40 |[39m[0m
4 error
4 error     at parseJson (/Users/christ/noodl-cli/node_modules/parse-json/index.js:29:21)
4 error     at parse (/Users/christ/noodl-cli/node_modules/load-json-file/index.js:15:9)
4 error     at module.exports (/Users/christ/noodl-cli/node_modules/load-json-file/index.js:18:47)
